<?xml version="1.0" encoding="UTF-8"?>
<!-- Generated by org.testng.reporters.JUnitReportReporter -->
<testsuite hostname="LAPTOP-RQANVCJD" failures="0" tests="1" name="Academy.validateNavigationBar" time="0.102" errors="0" timestamp="2022-08-11T01:18:02 IST" skipped="0">
  <testcase classname="Academy.validateNavigationBar" name="basePageNavigation" time="0.102"/>
  <system-out/>
</testsuite> <!-- Academy.validateNavigationBar -->
