<?xml version="1.0" encoding="UTF-8"?>
<!-- Generated by org.testng.reporters.JUnitReportReporter -->
<testsuite hostname="LAPTOP-RQANVCJD" failures="0" tests="2" name="Academy.HomePage" time="10.411" errors="0" timestamp="2022-08-11T01:18:02 IST" skipped="0">
  <testcase classname="Academy.HomePage" name="basePageNavigation" time="3.469"/>
  <system-out/>
  <testcase classname="Academy.HomePage" name="basePageNavigation" time="6.942"/>
  <system-out/>
</testsuite> <!-- Academy.HomePage -->
