<?xml version="1.0" encoding="UTF-8"?>
<!-- Generated by org.testng.reporters.JUnitReportReporter -->
<testsuite hostname="LAPTOP-RQANVCJD" failures="0" tests="1" name="Academy.AppTest" time="0.006" errors="0" timestamp="2022-08-10T19:34:49 IST" skipped="0">
  <testcase classname="Academy.AppTest" name="shouldAnswerWithTrue" time="0.006"/>
  <system-out/>
</testsuite> <!-- Academy.AppTest -->
