<?xml version="1.0" encoding="UTF-8"?>
<!-- Generated by org.testng.reporters.JUnitReportReporter -->
<testsuite hostname="LAPTOP-RQANVCJD" failures="0" tests="1" name="Academy.validateNavigationBar" time="0.146" errors="0" timestamp="2022-08-12T14:49:03 IST" skipped="0">
  <testcase classname="Academy.validateNavigationBar" name="basePageNavigation" time="0.146"/>
  <system-out/>
</testsuite> <!-- Academy.validateNavigationBar -->
