<?xml version="1.0" encoding="UTF-8"?>
<!-- Generated by org.testng.reporters.JUnitReportReporter -->
<testsuite hostname="LAPTOP-RQANVCJD" failures="0" tests="2" name="Academy.HomePage" time="21.261" errors="0" timestamp="2022-08-12T14:49:03 IST" skipped="0">
  <testcase classname="Academy.HomePage" name="basePageNavigation" time="17.296"/>
  <system-out/>
  <testcase classname="Academy.HomePage" name="basePageNavigation" time="3.965"/>
  <system-out/>
</testsuite> <!-- Academy.HomePage -->
